Start testing: Jun 14 17:33 MSK
----------------------------------------------------------
1/1 Testing: runTests
1/1 Test: runTests
Command: "/home/ch1psik/lab005/build/runTests"
Directory: /home/ch1psik/lab005/build
"runTests" start time: Jun 14 17:33 MSK
Output:
----------------------------------------------------------
Running main() from /build/googletest-j5yxiC/googletest-1.10.0/googletest/src/gtest_main.cc
[==========] Running 2 tests from 2 test suites.
[----------] Global test environment set-up.
[----------] 1 test from AccountTest
[ RUN      ] AccountTest.DummyTest
[       OK ] AccountTest.DummyTest (0 ms)
[----------] 1 test from AccountTest (0 ms total)

[----------] 1 test from TransactionTest
[ RUN      ] TransactionTest.SimpleTest
[       OK ] TransactionTest.SimpleTest (0 ms)
[----------] 1 test from TransactionTest (0 ms total)

[----------] Global test environment tear-down
[==========] 2 tests from 2 test suites ran. (0 ms total)
[  PASSED  ] 2 tests.
<end of output>
Test time =   0.01 sec
----------------------------------------------------------
Test Passed.
"runTests" end time: Jun 14 17:33 MSK
"runTests" time elapsed: 00:00:00
----------------------------------------------------------

End testing: Jun 14 17:33 MSK
